Using pre-set license
Built from '2021.1/release' branch; Version is '2021.1.4f1 (4cd64a618c1b) revision 5035594'; Using compiler version '192528614'; Build Type 'Release'
OS: 'Windows 10 Home; OS build 19042.1052; Version 2009; 64bit' Language: 'fr' Physical Memory: 16303 MB
BatchMode: 1, IsHumanControllingUs: 0, StartBugReporterOnCrash: 0, Is64bit: 1, IsPro: 0

 COMMAND LINE ARGUMENTS:
C:\Program Files\Unity\Hub\Editor\2021.1.4f1\Editor\Unity.exe
-adb2
-batchMode
-noUpm
-name
AssetImportWorker0
-projectPath
C:/Users/yoann/Desktop/Project/ProjetX
-logFile
Logs/AssetImportWorker0.log
-srvPort
50319
Successfully changed project path to: C:/Users/yoann/Desktop/Project/ProjetX
C:/Users/yoann/Desktop/Project/ProjetX
Using Asset Import Pipeline V2.
Refreshing native plugins compatible for Editor in 89.02 ms, found 0 plugins.
Preloading 0 native plugins for Editor in 0.00 ms.
Initialize engine version: 2021.1.4f1 (4cd64a618c1b)
[Subsystems] Discovering subsystems at path C:/Program Files/Unity/Hub/Editor/2021.1.4f1/Editor/Data/Resources/UnitySubsystems
[Subsystems] Discovering subsystems at path C:/Users/yoann/Desktop/Project/ProjetX/Assets
GfxDevice: creating device client; threaded=0; jobified=0
Direct3D:
    Version:  Direct3D 11.0 [level 11.1]
    Renderer: NVIDIA GeForce RTX 2060 (ID=0x1f11)
    Vendor:   NVIDIA
    VRAM:     5980 MB
    Driver:   27.21.14.6663
Initialize mono
Mono path[0] = 'C:/Program Files/Unity/Hub/Editor/2021.1.4f1/Editor/Data/Managed'
Mono path[1] = 'C:/Program Files/Unity/Hub/Editor/2021.1.4f1/Editor/Data/MonoBleedingEdge/lib/mono/unityjit'
Mono config path = 'C:/Program Files/Unity/Hub/Editor/2021.1.4f1/Editor/Data/MonoBleedingEdge/etc'
Using monoOptions --debugger-agent=transport=dt_socket,embedding=1,server=y,suspend=n,address=127.0.0.1:56888
Begin MonoManager ReloadAssembly
Registering precompiled unity dll's ...
Register platform support module: C:/Program Files/Unity/Hub/Editor/2021.1.4f1/Editor/Data/PlaybackEngines/WindowsStandaloneSupport/UnityEditor.WindowsStandalone.Extensions.dll
Registered in 0.002619 seconds.
Native extension for WindowsStandalone target not found
Refreshing native plugins compatible for Editor in 68.13 ms, found 0 plugins.
Preloading 0 native plugins for Editor in 0.00 ms.
Mono: successfully reloaded assembly
- Completed reload, in  3.441 seconds
Platform modules already initialized, skipping
Registering precompiled user dll's ...
Registered in 0.003534 seconds.
Begin MonoManager ReloadAssembly
Native extension for WindowsStandalone target not found
Refreshing native plugins compatible for Editor in 0.60 ms, found 0 plugins.
Preloading 0 native plugins for Editor in 0.00 ms.
Mono: successfully reloaded assembly
- Completed reload, in  1.223 seconds
Platform modules already initialized, skipping
========================================================================
Worker process is ready to serve import requests
Launched and connected shader compiler UnityShaderCompiler.exe after 0.10 seconds
Refreshing native plugins compatible for Editor in 0.57 ms, found 0 plugins.
Preloading 0 native plugins for Editor in 0.00 ms.
Unloading 1811 Unused Serialized files (Serialized files now loaded: 0)
System memory in use before: 79.3 MB.
System memory in use after: 79.4 MB.

Unloading 43 unused Assets to reduce memory usage. Loaded Objects now: 2252.
Total: 8.732400 ms (FindLiveObjects: 0.207600 ms CreateObjectMapping: 0.093700 ms MarkObjects: 8.355400 ms  DeleteObjects: 0.074300 ms)

========================================================================
Received Import Request.
  path: Assets/Sprites/UI/Inventory/empty_slot_bagbar.png
  artifactKey: Guid(191c8971d944b11488263e998d763009) Importer(815301076,1909f56bfc062723c751e8b465ee728b)
Start importing Assets/Sprites/UI/Inventory/empty_slot_bagbar.png using Guid(191c8971d944b11488263e998d763009) Importer(815301076,1909f56bfc062723c751e8b465ee728b)  -> (artifact id: 'c04e342b55d88e655d9e852154d03b3d') in 0.204288 seconds 
========================================================================
Received Import Request.
  Time since last request: 0.000538 seconds.
  path: Assets/Sprites/Effects/Ding10.png
  artifactKey: Guid(6ca753349a8c5884a9440c36276f724c) Importer(815301076,1909f56bfc062723c751e8b465ee728b)
Start importing Assets/Sprites/Effects/Ding10.png using Guid(6ca753349a8c5884a9440c36276f724c) Importer(815301076,1909f56bfc062723c751e8b465ee728b)  -> (artifact id: '211443ed13a2417e1edab0914bc2e954') in 0.032110 seconds 
========================================================================
Received Import Request.
  Time since last request: 0.000300 seconds.
  path: Assets/Sprites/UI/Inventory/epmtyFrame.png
  artifactKey: Guid(4837799503835ea419facf4b9b12c32c) Importer(815301076,1909f56bfc062723c751e8b465ee728b)
Start importing Assets/Sprites/UI/Inventory/epmtyFrame.png using Guid(4837799503835ea419facf4b9b12c32c) Importer(815301076,1909f56bfc062723c751e8b465ee728b)  -> (artifact id: '74667c4e1b230ae2f27ae9a878d0ec2f') in 0.030252 seconds 
========================================================================
Received Import Request.
  Time since last request: 0.000233 seconds.
  path: Assets/Sprites/UI/Other/epmtyFrame.png
  artifactKey: Guid(3c51047222cd63042ad8467e2c1fbd95) Importer(815301076,1909f56bfc062723c751e8b465ee728b)
Start importing Assets/Sprites/UI/Other/epmtyFrame.png using Guid(3c51047222cd63042ad8467e2c1fbd95) Importer(815301076,1909f56bfc062723c751e8b465ee728b)  -> (artifact id: '2e793659e94e124aa9254d9561f33224') in 0.020144 seconds 
========================================================================
Received Import Request.
  Time since last request: 0.000280 seconds.
  path: Assets/Sprites/Effects/Ding9.png
  artifactKey: Guid(2558f1772280dcb41b1e08a04af0c12a) Importer(815301076,1909f56bfc062723c751e8b465ee728b)
Start importing Assets/Sprites/Effects/Ding9.png using Guid(2558f1772280dcb41b1e08a04af0c12a) Importer(815301076,1909f56bfc062723c751e8b465ee728b)  -> (artifact id: 'f990766c380646e0721c463c85a09c63') in 0.030809 seconds 
========================================================================
Received Import Request.
  Time since last request: 0.000226 seconds.
  path: Assets/Sprites/Character panel/equipment_1.png
  artifactKey: Guid(da641a37d6ddd31489313d6f7fdcea6c) Importer(815301076,1909f56bfc062723c751e8b465ee728b)
Start importing Assets/Sprites/Character panel/equipment_1.png using Guid(da641a37d6ddd31489313d6f7fdcea6c) Importer(815301076,1909f56bfc062723c751e8b465ee728b)  -> (artifact id: '6456cabdd165a574e52f6bc3a2884967') in 0.030681 seconds 
========================================================================
Received Import Request.
  Time since last request: 0.000217 seconds.
  path: Assets/Sprites/Minimap/enemy.png
  artifactKey: Guid(6e979e3a0b6e44342972fa753f565907) Importer(815301076,1909f56bfc062723c751e8b465ee728b)
Start importing Assets/Sprites/Minimap/enemy.png using Guid(6e979e3a0b6e44342972fa753f565907) Importer(815301076,1909f56bfc062723c751e8b465ee728b)  -> (artifact id: '748bd01cbc5dd39745122da0fbcc3533') in 0.028785 seconds 
========================================================================
Received Import Request.
  Time since last request: 0.000256 seconds.
  path: Assets/Sprites/UI/Inventory/empty_slot.png
  artifactKey: Guid(c98d5caebd8b6f0439fb19bd5d87dba6) Importer(815301076,1909f56bfc062723c751e8b465ee728b)
Start importing Assets/Sprites/UI/Inventory/empty_slot.png using Guid(c98d5caebd8b6f0439fb19bd5d87dba6) Importer(815301076,1909f56bfc062723c751e8b465ee728b)  -> (artifact id: 'd44f1f2607a288845a7aae74e90956bf') in 0.020357 seconds 
========================================================================
Received Import Request.
  Time since last request: 0.000301 seconds.
  path: Assets/Sprites/Character panel/equipment_2.png
  artifactKey: Guid(99a16b0f9a0a2cd4e847f08715aa7535) Importer(815301076,1909f56bfc062723c751e8b465ee728b)
Start importing Assets/Sprites/Character panel/equipment_2.png using Guid(99a16b0f9a0a2cd4e847f08715aa7535) Importer(815301076,1909f56bfc062723c751e8b465ee728b)  -> (artifact id: '03e46a5eefa5be60ab5c92d1def80759') in 0.027952 seconds 
========================================================================
Received Prepare
Registering precompiled user dll's ...
Registered in 0.003018 seconds.
Begin MonoManager ReloadAssembly
Native extension for WindowsStandalone target not found
Refreshing native plugins compatible for Editor in 0.54 ms, found 0 plugins.
Preloading 0 native plugins for Editor in 0.00 ms.
Mono: successfully reloaded assembly
- Completed reload, in  1.123 seconds
Platform modules already initialized, skipping
Refreshing native plugins compatible for Editor in 0.58 ms, found 0 plugins.
Preloading 0 native plugins for Editor in 0.00 ms.
Unloading 1801 Unused Serialized files (Serialized files now loaded: 0)
System memory in use before: 86.4 MB.
System memory in use after: 86.5 MB.

Unloading 34 unused Assets to reduce memory usage. Loaded Objects now: 2402.
Total: 5.790300 ms (FindLiveObjects: 0.151200 ms CreateObjectMapping: 0.062600 ms MarkObjects: 5.551200 ms  DeleteObjects: 0.024400 ms)

========================================================================
Received Prepare
Registering precompiled user dll's ...
Registered in 0.002943 seconds.
Begin MonoManager ReloadAssembly
Native extension for WindowsStandalone target not found
Refreshing native plugins compatible for Editor in 1.35 ms, found 0 plugins.
Preloading 0 native plugins for Editor in 0.00 ms.
Mono: successfully reloaded assembly
- Completed reload, in  1.126 seconds
Platform modules already initialized, skipping
Refreshing native plugins compatible for Editor in 0.52 ms, found 0 plugins.
Preloading 0 native plugins for Editor in 0.00 ms.
Unloading 1792 Unused Serialized files (Serialized files now loaded: 0)
System memory in use before: 86.1 MB.
System memory in use after: 86.2 MB.

Unloading 34 unused Assets to reduce memory usage. Loaded Objects now: 2405.
Total: 5.770600 ms (FindLiveObjects: 0.147500 ms CreateObjectMapping: 0.050700 ms MarkObjects: 5.544400 ms  DeleteObjects: 0.027000 ms)

========================================================================
Received Prepare
Registering precompiled user dll's ...
Registered in 0.002532 seconds.
Begin MonoManager ReloadAssembly
Native extension for WindowsStandalone target not found
Refreshing native plugins compatible for Editor in 0.68 ms, found 0 plugins.
Preloading 0 native plugins for Editor in 0.00 ms.
Mono: successfully reloaded assembly
- Completed reload, in  1.239 seconds
Platform modules already initialized, skipping
Refreshing native plugins compatible for Editor in 0.62 ms, found 0 plugins.
Preloading 0 native plugins for Editor in 0.00 ms.
Unloading 1792 Unused Serialized files (Serialized files now loaded: 0)
System memory in use before: 86.1 MB.
System memory in use after: 86.2 MB.

Unloading 34 unused Assets to reduce memory usage. Loaded Objects now: 2408.
Total: 6.270500 ms (FindLiveObjects: 0.169900 ms CreateObjectMapping: 0.068900 ms MarkObjects: 6.005700 ms  DeleteObjects: 0.024600 ms)

========================================================================
Received Prepare
Registering precompiled user dll's ...
Registered in 0.004493 seconds.
Begin MonoManager ReloadAssembly
Native extension for WindowsStandalone target not found
Refreshing native plugins compatible for Editor in 0.69 ms, found 0 plugins.
Preloading 0 native plugins for Editor in 0.00 ms.
Mono: successfully reloaded assembly
- Completed reload, in  1.270 seconds
Platform modules already initialized, skipping
Refreshing native plugins compatible for Editor in 0.62 ms, found 0 plugins.
Preloading 0 native plugins for Editor in 0.00 ms.
Unloading 1792 Unused Serialized files (Serialized files now loaded: 0)
System memory in use before: 86.1 MB.
System memory in use after: 86.2 MB.

Unloading 34 unused Assets to reduce memory usage. Loaded Objects now: 2411.
Total: 7.115000 ms (FindLiveObjects: 0.170100 ms CreateObjectMapping: 0.063600 ms MarkObjects: 6.852100 ms  DeleteObjects: 0.027900 ms)

========================================================================
Received Prepare
Registering precompiled user dll's ...
Registered in 0.005998 seconds.
Begin MonoManager ReloadAssembly
Native extension for WindowsStandalone target not found
Refreshing native plugins compatible for Editor in 1.02 ms, found 0 plugins.
Preloading 0 native plugins for Editor in 0.00 ms.
Mono: successfully reloaded assembly
- Completed reload, in  1.724 seconds
Platform modules already initialized, skipping
Refreshing native plugins compatible for Editor in 0.67 ms, found 0 plugins.
Preloading 0 native plugins for Editor in 0.00 ms.
Unloading 1792 Unused Serialized files (Serialized files now loaded: 0)
System memory in use before: 86.1 MB.
System memory in use after: 86.2 MB.

Unloading 34 unused Assets to reduce memory usage. Loaded Objects now: 2414.
Total: 7.490600 ms (FindLiveObjects: 0.211500 ms CreateObjectMapping: 0.100900 ms MarkObjects: 7.145600 ms  DeleteObjects: 0.031300 ms)

